2018-12-08 12:42:55.727 [debug] <0.419.0>@lager_handler_watcher:126 Lager installed handler error_logger_lager_h into error_logger
2018-12-08 12:42:55.737 [info] <0.430.0>@soj_server:init:71 subscription done [test]
2018-12-08 12:42:55.737 [error] <0.430.0>@gproc:reg CRASH REPORT Process <0.430.0> with 0 neighbours crashed with reason: call to undefined function gproc:reg({p,l,interesting_stuff})
2018-12-08 12:42:55.738 [error] <0.429.0>@gproc:reg Supervisor skye_sup had child soj_server started with soj_server:start_link(test) at undefined exit with reason call to undefined function gproc:reg({p,l,interesting_stuff}) in context start_error
2018-12-08 12:42:55.739 [error] <0.427.0> CRASH REPORT Process <0.427.0> with 0 neighbours exited with reason: {{shutdown,{failed_to_start_child,soj_server,{undef,[{gproc,reg,[{p,l,interesting_stuff}],[]},{soj_server,init,1,[{file,"/Users/lc/IdeaProjects/Skye/_build/default/deps/skye/src/soj_server.erl"},{line,76}]},{gen_server,init_it,2,[{file,"gen_server.erl"},{line,374}]},{gen_server,init_it,6,[{file,"gen_server.erl"},{line,342}]},{proc_lib,init_p_do_apply,3,[{file,"proc_lib.erl"},{line,249}]}]}}},{skye_app,start,[normal,[]]}} in application_master:init/4 line 138
2018-12-08 12:42:55.740 [info] <0.336.0> Application skye exited with reason: {{shutdown,{failed_to_start_child,soj_server,{undef,[{gproc,reg,[{p,l,interesting_stuff}],[]},{soj_server,init,1,[{file,"/Users/lc/IdeaProjects/Skye/_build/default/deps/skye/src/soj_server.erl"},{line,76}]},{gen_server,init_it,2,[{file,"gen_server.erl"},{line,374}]},{gen_server,init_it,6,[{file,"gen_server.erl"},{line,342}]},{proc_lib,init_p_do_apply,3,[{file,"proc_lib.erl"},{line,249}]}]}}},{skye_app,start,[normal,[]]}}
2018-12-08 12:44:09.841 [debug] <0.432.0>@lager_handler_watcher:126 Lager installed handler error_logger_lager_h into error_logger
2018-12-08 12:44:09.851 [info] <0.451.0>@soj_server:init:71 subscription done [test]
2018-12-08 12:44:10.340 [debug] <0.420.0>@lager_handler_watcher:126 Lager installed handler lager_backend_throttle into lager_event
2018-12-08 12:49:12.834 [info] <0.370.0> SIGTERM received - shutting down
2018-12-08 12:49:31.636 [debug] <0.432.0>@lager_handler_watcher:126 Lager installed handler error_logger_lager_h into error_logger
2018-12-08 12:49:31.645 [info] <0.451.0>@soj_server:init:71 subscription done [test]
2018-12-08 12:49:32.135 [debug] <0.420.0>@lager_handler_watcher:126 Lager installed handler lager_backend_throttle into lager_event
2018-12-08 12:50:55.177 [info] <0.370.0> SIGTERM received - shutting down
2018-12-08 12:51:12.842 [debug] <0.432.0>@lager_handler_watcher:126 Lager installed handler error_logger_lager_h into error_logger
2018-12-08 12:51:12.852 [info] <0.451.0>@soj_server:init:71 subscription done [test]
2018-12-08 12:51:13.342 [debug] <0.420.0>@lager_handler_watcher:126 Lager installed handler lager_backend_throttle into lager_event
2018-12-08 12:51:47.608 [debug] <0.432.0>@lager_handler_watcher:126 Lager installed handler error_logger_lager_h into error_logger
2018-12-08 12:51:47.617 [info] <0.451.0>@soj_server:init:71 subscription done [test]
2018-12-08 12:51:48.107 [debug] <0.420.0>@lager_handler_watcher:126 Lager installed handler lager_backend_throttle into lager_event
2018-12-08 12:53:00.701 [info] <0.370.0> SIGTERM received - shutting down
2018-12-08 12:53:26.799 [debug] <0.432.0>@lager_handler_watcher:126 Lager installed handler error_logger_lager_h into error_logger
2018-12-08 12:53:26.809 [info] <0.451.0>@soj_server:init:71 subscription done [test]
2018-12-08 12:53:27.298 [debug] <0.420.0>@lager_handler_watcher:126 Lager installed handler lager_backend_throttle into lager_event
2018-12-08 12:53:49.071 [info] <0.370.0> SIGTERM received - shutting down
2018-12-08 12:54:21.802 [debug] <0.432.0>@lager_handler_watcher:126 Lager installed handler error_logger_lager_h into error_logger
2018-12-08 12:54:21.812 [info] <0.451.0>@soj_server:init:71 subscription done [test]
2018-12-08 12:54:22.302 [debug] <0.420.0>@lager_handler_watcher:126 Lager installed handler lager_backend_throttle into lager_event
2018-12-08 12:55:50.126 [info] <0.370.0> SIGTERM received - shutting down
2018-12-08 12:56:08.663 [debug] <0.432.0>@lager_handler_watcher:126 Lager installed handler error_logger_lager_h into error_logger
2018-12-08 12:56:08.672 [info] <0.451.0>@soj_server:init:71 subscription done [test]
2018-12-08 12:56:09.163 [debug] <0.420.0>@lager_handler_watcher:126 Lager installed handler lager_backend_throttle into lager_event
